2003.09.29 18:34 B c:\games\jeff\jeff\images\2ndamendment.jpg --> ftp.plus.net /htdocs/jeff/images 2ndamendment.jpg
2003.09.29 18:34 B c:\games\jeff\jeff\images\2ndamendment_th.jpg --> ftp.plus.net /htdocs/jeff/images 2ndamendment_th.jpg
2003.09.29 18:34 B c:\games\jeff\jeff\images\50thwedding.jpg --> ftp.plus.net /htdocs/jeff/images 50thwedding.jpg
2003.09.29 18:34 B c:\games\jeff\jeff\images\50thwedding_th.jpg --> ftp.plus.net /htdocs/jeff/images 50thwedding_th.jpg
2003.09.29 18:34 B c:\games\jeff\jeff\images\bawlstreet.jpg --> ftp.plus.net /htdocs/jeff/images bawlstreet.jpg
2003.09.29 18:34 B c:\games\jeff\jeff\images\bawlstreet_th.jpg --> ftp.plus.net /htdocs/jeff/images bawlstreet_th.jpg
2003.09.29 18:34 B c:\games\jeff\jeff\images\beer.jpg --> ftp.plus.net /htdocs/jeff/images beer.jpg
2003.09.29 18:34 B c:\games\jeff\jeff\images\beer_th.jpg --> ftp.plus.net /htdocs/jeff/images beer_th.jpg
2003.09.29 18:34 B c:\games\jeff\jeff\images\bottomlip.jpg --> ftp.plus.net /htdocs/jeff/images bottomlip.jpg
2003.09.29 18:34 B c:\games\jeff\jeff\images\bottomlip_th.jpg --> ftp.plus.net /htdocs/jeff/images bottomlip_th.jpg
2003.09.29 18:34 B c:\games\jeff\jeff\images\choochoo1.gif --> ftp.plus.net /htdocs/jeff/images choochoo1.gif
2003.09.29 18:34 B c:\games\jeff\jeff\images\fish.jpg --> ftp.plus.net /htdocs/jeff/images fish.jpg
2003.09.29 18:34 B c:\games\jeff\jeff\images\fish_th.jpg --> ftp.plus.net /htdocs/jeff/images fish_th.jpg
2003.09.29 18:34 B c:\games\jeff\jeff\images\hambeldon.jpg --> ftp.plus.net /htdocs/jeff/images hambeldon.jpg
2003.09.29 18:34 B c:\games\jeff\jeff\images\hambeldon_th.jpg --> ftp.plus.net /htdocs/jeff/images hambeldon_th.jpg
2003.09.29 18:35 B c:\games\jeff\jeff\images\hongkong1.jpg --> ftp.plus.net /htdocs/jeff/images hongkong1.jpg
2003.09.29 18:35 B c:\games\jeff\jeff\images\hongkong1_th.jpg --> ftp.plus.net /htdocs/jeff/images hongkong1_th.jpg
2003.09.29 18:35 B c:\games\jeff\jeff\images\jeff1.jpg --> ftp.plus.net /htdocs/jeff/images jeff1.jpg
2003.09.29 18:35 B c:\games\jeff\jeff\images\jeff1_th.jpg --> ftp.plus.net /htdocs/jeff/images jeff1_th.jpg
2003.09.29 18:35 B c:\games\jeff\jeff\images\jeff3.jpg --> ftp.plus.net /htdocs/jeff/images jeff3.jpg
2003.09.29 18:35 B c:\games\jeff\jeff\images\jeff3_th.jpg --> ftp.plus.net /htdocs/jeff/images jeff3_th.jpg
2003.09.29 18:35 B c:\games\jeff\jeff\images\jeffdave.jpg --> ftp.plus.net /htdocs/jeff/images jeffdave.jpg
2003.09.29 18:35 B c:\games\jeff\jeff\images\jeffdave_th.jpg --> ftp.plus.net /htdocs/jeff/images jeffdave_th.jpg
2003.09.29 18:35 B c:\games\jeff\jeff\images\jeffkaty.jpg --> ftp.plus.net /htdocs/jeff/images jeffkaty.jpg
2003.09.29 18:35 B c:\games\jeff\jeff\images\jeffkaty_th.jpg --> ftp.plus.net /htdocs/jeff/images jeffkaty_th.jpg
2003.09.29 18:35 B c:\games\jeff\jeff\images\jeffkatysteve.jpg --> ftp.plus.net /htdocs/jeff/images jeffkatysteve.jpg
2003.09.29 18:35 B c:\games\jeff\jeff\images\jeffkatysteve_th.jpg --> ftp.plus.net /htdocs/jeff/images jeffkatysteve_th.jpg
2003.09.29 18:36 B c:\games\jeff\jeff\images\jgkk.jpg --> ftp.plus.net /htdocs/jeff/images jgkk.jpg
2003.09.29 18:43 B c:\games\jeff\jeff\images\jgkk_th.jpg --> ftp.plus.net /htdocs/jeff/images jgkk_th.jpg
2003.09.29 18:43 B c:\games\jeff\jeff\images\mysterygirl.jpg --> ftp.plus.net /htdocs/jeff/images mysterygirl.jpg
2003.09.29 18:43 B c:\games\jeff\jeff\images\mysterygirl_th.jpg --> ftp.plus.net /htdocs/jeff/images mysterygirl_th.jpg
2003.09.29 18:43 B c:\games\jeff\jeff\images\norwayflag.jpg --> ftp.plus.net /htdocs/jeff/images norwayflag.jpg
2003.09.29 18:43 B c:\games\jeff\jeff\images\norwayflag_th.jpg --> ftp.plus.net /htdocs/jeff/images norwayflag_th.jpg
2003.09.29 18:43 B c:\games\jeff\jeff\images\paddlingpool.jpg --> ftp.plus.net /htdocs/jeff/images paddlingpool.jpg
2003.09.29 18:43 B c:\games\jeff\jeff\images\paddlingpool_th.jpg --> ftp.plus.net /htdocs/jeff/images paddlingpool_th.jpg
2003.09.29 18:43 B c:\games\jeff\jeff\images\partypopper.jpg --> ftp.plus.net /htdocs/jeff/images partypopper.jpg
2003.09.29 18:43 B c:\games\jeff\jeff\images\partypopper_th.jpg --> ftp.plus.net /htdocs/jeff/images partypopper_th.jpg
2003.09.29 18:43 B c:\games\jeff\jeff\images\shower.jpg --> ftp.plus.net /htdocs/jeff/images shower.jpg
2003.09.29 18:43 B c:\games\jeff\jeff\images\shower_th.jpg --> ftp.plus.net /htdocs/jeff/images shower_th.jpg
2003.09.29 18:43 B c:\games\jeff\jeff\images\traindriver.jpg --> ftp.plus.net /htdocs/jeff/images traindriver.jpg
2003.09.29 18:43 B c:\games\jeff\jeff\images\traindriver_th.jpg --> ftp.plus.net /htdocs/jeff/images traindriver_th.jpg
2003.09.29 18:43 B c:\games\jeff\jeff\images\wedding1.jpg --> ftp.plus.net /htdocs/jeff/images wedding1.jpg
2003.09.29 18:43 B c:\games\jeff\jeff\images\wedding1_th.jpg --> ftp.plus.net /htdocs/jeff/images wedding1_th.jpg
2003.09.29 18:43 B c:\games\jeff\jeff\images\wedding2.jpg --> ftp.plus.net /htdocs/jeff/images wedding2.jpg
2003.09.29 18:43 B c:\games\jeff\jeff\images\wedding2_th.jpg --> ftp.plus.net /htdocs/jeff/images wedding2_th.jpg
2003.09.29 18:44 B c:\games\jeff\jeff\images\wedding4.jpg --> ftp.plus.net /htdocs/jeff/images wedding4.jpg
2003.09.29 18:45 B c:\games\jeff\jeff\images\wedding4_th.jpg --> ftp.plus.net /htdocs/jeff/images wedding4_th.jpg
2003.09.29 18:45 B c:\games\jeff\jeff\images\whewells.jpg --> ftp.plus.net /htdocs/jeff/images whewells.jpg
2003.09.29 18:45 B c:\games\jeff\jeff\images\whewells_th.jpg --> ftp.plus.net /htdocs/jeff/images whewells_th.jpg
